<?xml version="1.0" encoding="UTF-8"?>
<!-- Generated by org.testng.reporters.JUnitReportReporter -->
<testsuite skipped="0" hostname="DESKTOP-G2S6DVP" name="SumUp.getusers3" tests="1" failures="0" timestamp="01 May 2020 06:27:00 GMT" time="6.683" errors="0">
  <testcase name="jsonschema" time="6.683" classname="SumUp.getusers3"/>
</testsuite> <!-- SumUp.getusers3 -->
