<?xml version="1.0" encoding="UTF-8"?>
<!-- Generated by org.testng.reporters.JUnitReportReporter -->
<testsuite skipped="0" hostname="DESKTOP-G2S6DVP" name="SumUp.getusers2" tests="1" failures="0" timestamp="30 Apr 2020 20:19:37 GMT" time="7.785" errors="1">
  <testcase name="jsonschema" time="7.785" classname="SumUp.getusers2">
    <error type="java.lang.NoSuchMethodError" message="com.google.common.collect.ImmutableList.of(Ljava/lang/Object;Ljava/lang/Object;)Lcom/google/common/collect/ImmutableList;">
      <![CDATA[java.lang.NoSuchMethodError: com.google.common.collect.ImmutableList.of(Ljava/lang/Object;Ljava/lang/Object;)Lcom/google/common/collect/ImmutableList;
at com.github.fge.jsonschema.format.common.DateTimeAttribute.<clinit>(DateTimeAttribute.java:44)
at com.github.fge.jsonschema.library.format.CommonFormatAttributesDictionary.<clinit>(CommonFormatAttributesDictionary.java:52)
at com.github.fge.jsonschema.library.format.DraftV3FormatAttributesDictionary.<clinit>(DraftV3FormatAttributesDictionary.java:47)
at com.github.fge.jsonschema.library.DraftV3Library.<clinit>(DraftV3Library.java:32)
at com.github.fge.jsonschema.cfg.ValidationConfigurationBuilder.<clinit>(ValidationConfigurationBuilder.java:63)
at com.github.fge.jsonschema.cfg.ValidationConfiguration.newBuilder(ValidationConfiguration.java:92)
at com.github.fge.jsonschema.cfg.ValidationConfiguration.byDefault(ValidationConfiguration.java:102)
at com.github.fge.jsonschema.main.JsonSchemaFactoryBuilder.<init>(JsonSchemaFactoryBuilder.java:68)
at com.github.fge.jsonschema.main.JsonSchemaFactory.newBuilder(JsonSchemaFactory.java:123)
at com.github.fge.jsonschema.main.JsonSchemaFactory.byDefault(JsonSchemaFactory.java:113)
at io.restassured.module.jsv.JsonSchemaValidatorSettings.<init>(JsonSchemaValidatorSettings.java:58)
at io.restassured.module.jsv.JsonSchemaValidator$JsonSchemaValidatorFactory.createSettings(JsonSchemaValidator.java:277)
at io.restassured.module.jsv.JsonSchemaValidator$JsonSchemaValidatorFactory.create(JsonSchemaValidator.java:289)
at io.restassured.module.jsv.JsonSchemaValidator.matchesJsonSchema(JsonSchemaValidator.java:166)
at io.restassured.module.jsv.JsonSchemaValidator.matchesJsonSchemaInClasspath(JsonSchemaValidator.java:117)
at SumUp.getusers2.jsonschema(getusers2.java:102)
at sun.reflect.NativeMethodAccessorImpl.invoke0(Native Method)
at sun.reflect.NativeMethodAccessorImpl.invoke(Unknown Source)
at sun.reflect.DelegatingMethodAccessorImpl.invoke(Unknown Source)
at java.lang.reflect.Method.invoke(Unknown Source)
at org.testng.internal.MethodInvocationHelper.invokeMethod(MethodInvocationHelper.java:124)
at org.testng.internal.Invoker.invokeMethod(Invoker.java:583)
at org.testng.internal.Invoker.invokeTestMethod(Invoker.java:719)
at org.testng.internal.Invoker.invokeTestMethods(Invoker.java:989)
at org.testng.internal.TestMethodWorker.invokeTestMethods(TestMethodWorker.java:125)
at org.testng.internal.TestMethodWorker.run(TestMethodWorker.java:109)
at org.testng.TestRunner.privateRun(TestRunner.java:648)
at org.testng.TestRunner.run(TestRunner.java:505)
at org.testng.SuiteRunner.runTest(SuiteRunner.java:455)
at org.testng.SuiteRunner.runSequentially(SuiteRunner.java:450)
at org.testng.SuiteRunner.privateRun(SuiteRunner.java:415)
at org.testng.SuiteRunner.run(SuiteRunner.java:364)
at org.testng.SuiteRunnerWorker.runSuite(SuiteRunnerWorker.java:52)
at org.testng.SuiteRunnerWorker.run(SuiteRunnerWorker.java:84)
at org.testng.TestNG.runSuitesSequentially(TestNG.java:1208)
at org.testng.TestNG.runSuitesLocally(TestNG.java:1137)
at org.testng.TestNG.runSuites(TestNG.java:1049)
at org.testng.TestNG.run(TestNG.java:1017)
at org.testng.remote.AbstractRemoteTestNG.run(AbstractRemoteTestNG.java:115)
at org.testng.remote.RemoteTestNG.initAndRun(RemoteTestNG.java:251)
at org.testng.remote.RemoteTestNG.main(RemoteTestNG.java:77)
]]>
    </error>
  </testcase> <!-- jsonschema -->
</testsuite> <!-- SumUp.getusers2 -->
