<?xml version="1.0" encoding="UTF-8"?>
<!-- Generated by org.testng.reporters.JUnitReportReporter -->
<testsuite skipped="0" hostname="DESKTOP-G2S6DVP" name="SumUp.Pojoclass_Validation" tests="1" failures="0" timestamp="02 May 2020 03:48:15 GMT" time="0.322" errors="0">
  <testcase name="jsonschema" time="0.322" classname="SumUp.Pojoclass_Validation"/>
</testsuite> <!-- SumUp.Pojoclass_Validation -->
