<?xml version="1.0" encoding="UTF-8"?>
<!-- Generated by org.testng.reporters.JUnitReportReporter -->
<testsuite hostname="DESKTOP-G2S6DVP" failures="0" tests="53" name="SumUp.getusers" time="20.030" errors="0" timestamp="02 May 2020 03:40:37 GMT" skipped="0">
  <testcase classname="SumUp.getusers" name="validlocale" time="0.207"/>
  <testcase classname="SumUp.getusers" name="validlocale" time="6.880"/>
  <testcase classname="SumUp.getusers" name="validlocale" time="0.365"/>
  <testcase classname="SumUp.getusers" name="validlocale" time="0.193"/>
  <testcase classname="SumUp.getusers" name="validlocale" time="0.182"/>
  <testcase classname="SumUp.getusers" name="validlocale" time="0.356"/>
  <testcase classname="SumUp.getusers" name="validlocale" time="0.159"/>
  <testcase classname="SumUp.getusers" name="validlocale" time="0.175"/>
  <testcase classname="SumUp.getusers" name="validlocale" time="0.194"/>
  <testcase classname="SumUp.getusers" name="validlocale" time="0.883"/>
  <testcase classname="SumUp.getusers" name="validlocale" time="0.291"/>
  <testcase classname="SumUp.getusers" name="validlocale" time="0.198"/>
  <testcase classname="SumUp.getusers" name="validlocale" time="0.225"/>
  <testcase classname="SumUp.getusers" name="validlocale" time="0.236"/>
  <testcase classname="SumUp.getusers" name="validlocale" time="0.379"/>
  <testcase classname="SumUp.getusers" name="validlocale" time="0.202"/>
  <testcase classname="SumUp.getusers" name="validlocale" time="0.229"/>
  <testcase classname="SumUp.getusers" name="validlocale" time="0.191"/>
  <testcase classname="SumUp.getusers" name="validlocale" time="0.198"/>
  <testcase classname="SumUp.getusers" name="validlocale" time="0.218"/>
  <testcase classname="SumUp.getusers" name="validlocale" time="0.191"/>
  <testcase classname="SumUp.getusers" name="validlocale" time="0.278"/>
  <testcase classname="SumUp.getusers" name="validlocale" time="0.266"/>
  <testcase classname="SumUp.getusers" name="validlocale" time="0.247"/>
  <testcase classname="SumUp.getusers" name="validlocale" time="0.222"/>
  <testcase classname="SumUp.getusers" name="validlocale" time="0.206"/>
  <testcase classname="SumUp.getusers" name="validlocale" time="0.277"/>
  <testcase classname="SumUp.getusers" name="validlocale" time="0.182"/>
  <testcase classname="SumUp.getusers" name="validlocale" time="0.193"/>
  <testcase classname="SumUp.getusers" name="validlocale" time="0.215"/>
  <testcase classname="SumUp.getusers" name="validlocale" time="0.170"/>
  <testcase classname="SumUp.getusers" name="validlocale" time="0.316"/>
  <testcase classname="SumUp.getusers" name="validlocale" time="0.131"/>
  <testcase classname="SumUp.getusers" name="validlocale" time="0.215"/>
  <testcase classname="SumUp.getusers" name="validlocale" time="0.195"/>
  <testcase classname="SumUp.getusers" name="validlocale" time="0.452"/>
  <testcase classname="SumUp.getusers" name="validlocale" time="0.177"/>
  <testcase classname="SumUp.getusers" name="validlocale" time="0.268"/>
  <testcase classname="SumUp.getusers" name="validlocale" time="0.259"/>
  <testcase classname="SumUp.getusers" name="validlocale" time="0.278"/>
  <testcase classname="SumUp.getusers" name="validlocale" time="0.258"/>
  <testcase classname="SumUp.getusers" name="validlocale" time="0.295"/>
  <testcase classname="SumUp.getusers" name="validlocale" time="0.324"/>
  <testcase classname="SumUp.getusers" name="validlocale" time="0.230"/>
  <testcase classname="SumUp.getusers" name="validlocale" time="0.192"/>
  <testcase classname="SumUp.getusers" name="validlocale" time="0.264"/>
  <testcase classname="SumUp.getusers" name="validlocale" time="0.202"/>
  <testcase classname="SumUp.getusers" name="validlocale" time="0.220"/>
  <testcase classname="SumUp.getusers" name="validlocale" time="0.174"/>
  <testcase classname="SumUp.getusers" name="validlocale" time="0.221"/>
  <testcase classname="SumUp.getusers" name="validlocale" time="0.172"/>
  <testcase classname="SumUp.getusers" name="validlocale" time="0.591"/>
  <testcase classname="SumUp.getusers" name="validlocale" time="0.188"/>
</testsuite> <!-- SumUp.getusers -->
