<?xml version="1.0" encoding="UTF-8"?>
<!-- Generated by org.testng.reporters.JUnitReportReporter -->
<testsuite hostname="DESKTOP-G2S6DVP" failures="0" tests="1" name="SumUp.Pojoclass_Validation" time="0.650" errors="0" timestamp="02 May 2020 03:40:37 GMT" skipped="0">
  <testcase classname="SumUp.Pojoclass_Validation" name="jsonschema" time="0.650"/>
</testsuite> <!-- SumUp.Pojoclass_Validation -->
